<?xml version="1.0" encoding="UTF-8"?>
<testsuite name="com.github.davidmoten.geo.mem.InfoTest" tests="6" skipped="0" failures="0" errors="0" timestamp="2022-04-11T14:40:58" hostname="lab1321deMacBook-Air.local" time="0.028">
  <properties/>
  <testcase name="testToString" classname="com.github.davidmoten.geo.mem.InfoTest" time="0.001"/>
  <testcase name="id" classname="com.github.davidmoten.geo.mem.InfoTest" time="0.002"/>
  <testcase name="lat" classname="com.github.davidmoten.geo.mem.InfoTest" time="0.002"/>
  <testcase name="lon" classname="com.github.davidmoten.geo.mem.InfoTest" time="0.005"/>
  <testcase name="time" classname="com.github.davidmoten.geo.mem.InfoTest" time="0.0"/>
  <testcase name="value" classname="com.github.davidmoten.geo.mem.InfoTest" time="0.0"/>
  <system-out><![CDATA[]]></system-out>
  <system-err><![CDATA[]]></system-err>
</testsuite>
